#
# An unexpected error has been detected by Java Runtime Environment:
#
#  EXCEPTION_ACCESS_VIOLATION (0xc0000005) at pc=0x6d12e9b2, pid=4484, tid=4628
#
# Java VM: Java HotSpot(TM) Client VM (1.6.0-oem-b104 mixed mode, sharing)
# Problematic frame:
# C  [awt.dll+0x12e9b2]
#
# If you would like to submit a bug report, please visit:
#   http://java.sun.com/webapps/bugreport/crash.jsp
#

---------------  T H R E A D  ---------------

Current thread (0x03c31000):  JavaThread "AWT-EventQueue-0" [_thread_in_native, id=4628]

siginfo: ExceptionCode=0xc0000005, reading address 0x00000004

Registers:
EAX=0x0379fd50, EBX=0x2bbeb570, ECX=0x00000000, EDX=0x03c310e8
ESP=0x0379f6bc, EBP=0x0379f708, ESI=0x01000038, EDI=0x03c31000
EIP=0x6d12e9b2, EFLAGS=0x00010202

Top of Stack: (sp=0x0379f6bc)
0x0379f6bc:   2b347298 2bbeb570 03b9a6c4 03c31000
0x0379f6cc:   6d7d7e36 03c31000 0379fce8 03c31000
0x0379f6dc:   00000000 010baec8 010baeb0 010baec8
0x0379f6ec:   77cf2e69 010baeb0 0379f75c 6d0e4c5c
0x0379f6fc:   0379fd50 6d13e5eb ffffffff 0379f75c
0x0379f70c:   6d130122 03c310e8 00000001 2b347298
0x0379f71c:   011ea460 03c310e8 0379f774 00000000
0x0379f72c:   00000001 2373f240 2325f900 2325f918 

Instructions: (pc=0x6d12e9b2)
0x6d12e9a2:   89 25 00 00 00 00 83 ec 38 53 56 8b f1 8b 4e 04
0x6d12e9b2:   8b 41 04 83 f8 18 57 89 65 f0 75 29 8b 45 08 68 


Stack: [0x03750000,0x037a0000),  sp=0x0379f6bc,  free space=317k
Native frames: (J=compiled Java code, j=interpreted, Vv=VM code, C=native code)
C  [awt.dll+0x12e9b2]
C  [awt.dll+0x130122]
j  sun.awt.Win32GraphicsDevice.getDynamicColorModel()Ljava/awt/image/ColorModel;+14
j  sun.awt.Win32GraphicsConfig.getDeviceColorModel()Ljava/awt/image/ColorModel;+4
j  sun.awt.windows.WComponentPeer.getDeviceColorModel()Ljava/awt/image/ColorModel;+13
j  sun.java2d.windows.Win32SurfaceData.createData(Lsun/awt/windows/WComponentPeer;I)Lsun/java2d/windows/Win32SurfaceData;+1
j  sun.awt.Win32GraphicsConfig.createSurfaceData(Lsun/awt/windows/WComponentPeer;I)Lsun/java2d/SurfaceData;+2
j  sun.awt.windows.WComponentPeer.replaceSurfaceData(I)V+59
j  sun.awt.windows.WComponentPeer.replaceSurfaceData()V+5
j  sun.awt.windows.WComponentPeer.displayChanged()V+1
j  sun.awt.windows.WCanvasPeer.displayChanged()V+9
j  sun.awt.windows.WPanelPeer.displayChanged()V+1
j  sun.awt.windows.WWindowPeer.displayChanged()V+5
j  sun.awt.SunDisplayChanger.notifyListeners()V+65
j  sun.awt.Win32GraphicsDevice.displayChanged()V+24
j  sun.java2d.SunGraphicsEnvironment.displayChanged()V+33
j  sun.awt.Win32GraphicsEnvironment.displayChanged()V+4
j  sun.awt.windows.WToolkit$4.run()V+6
j  java.awt.event.InvocationEvent.dispatch()V+47
j  java.awt.EventQueue.dispatchEvent(Ljava/awt/AWTEvent;)V+26
J  java.awt.EventDispatchThread.pumpOneEventForFilters(I)Z
j  java.awt.EventDispatchThread.pumpEventsForFilter(ILjava/awt/Conditional;Ljava/awt/EventFilter;)V+30
j  java.awt.EventDispatchThread.pumpEventsForHierarchy(ILjava/awt/Conditional;Ljava/awt/Component;)V+11
j  java.awt.EventDispatchThread.pumpEvents(ILjava/awt/Conditional;)V+4
j  java.awt.EventDispatchThread.pumpEvents(Ljava/awt/Conditional;)V+3
j  java.awt.EventDispatchThread.run()V+9
v  ~StubRoutines::call_stub

Java frames: (J=compiled Java code, j=interpreted, Vv=VM code)
j  sun.awt.Win32GraphicsDevice.makeColorModel(IZ)Ljava/awt/image/ColorModel;+0
j  sun.awt.Win32GraphicsDevice.getDynamicColorModel()Ljava/awt/image/ColorModel;+14
j  sun.awt.Win32GraphicsConfig.getDeviceColorModel()Ljava/awt/image/ColorModel;+4
j  sun.awt.windows.WComponentPeer.getDeviceColorModel()Ljava/awt/image/ColorModel;+13
j  sun.java2d.windows.Win32SurfaceData.createData(Lsun/awt/windows/WComponentPeer;I)Lsun/java2d/windows/Win32SurfaceData;+1
j  sun.awt.Win32GraphicsConfig.createSurfaceData(Lsun/awt/windows/WComponentPeer;I)Lsun/java2d/SurfaceData;+2
j  sun.awt.windows.WComponentPeer.replaceSurfaceData(I)V+59
j  sun.awt.windows.WComponentPeer.replaceSurfaceData()V+5
j  sun.awt.windows.WComponentPeer.displayChanged()V+1
j  sun.awt.windows.WCanvasPeer.displayChanged()V+9
j  sun.awt.windows.WPanelPeer.displayChanged()V+1
j  sun.awt.windows.WWindowPeer.displayChanged()V+5
j  sun.awt.SunDisplayChanger.notifyListeners()V+65
j  sun.awt.Win32GraphicsDevice.displayChanged()V+24
j  sun.java2d.SunGraphicsEnvironment.displayChanged()V+33
j  sun.awt.Win32GraphicsEnvironment.displayChanged()V+4
j  sun.awt.windows.WToolkit$4.run()V+6
j  java.awt.event.InvocationEvent.dispatch()V+47
j  java.awt.EventQueue.dispatchEvent(Ljava/awt/AWTEvent;)V+26
J  java.awt.EventDispatchThread.pumpOneEventForFilters(I)Z
j  java.awt.EventDispatchThread.pumpEventsForFilter(ILjava/awt/Conditional;Ljava/awt/EventFilter;)V+30
j  java.awt.EventDispatchThread.pumpEventsForHierarchy(ILjava/awt/Conditional;Ljava/awt/Component;)V+11
j  java.awt.EventDispatchThread.pumpEvents(ILjava/awt/Conditional;)V+4
j  java.awt.EventDispatchThread.pumpEvents(Ljava/awt/Conditional;)V+3
j  java.awt.EventDispatchThread.run()V+9
v  ~StubRoutines::call_stub

---------------  P R O C E S S  ---------------

Java Threads: ( => current thread )
=>0x03c31000 JavaThread "AWT-EventQueue-0" [_thread_in_native, id=4628]
  0x01157000 JavaThread "DestroyJavaVM" [_thread_blocked, id=3496]
  0x0106d800 JavaThread "AWT-Windows" daemon [_thread_in_native, id=2744]
  0x0106d000 JavaThread "AWT-Shutdown" [_thread_blocked, id=696]
  0x0106cc00 JavaThread "Java2D Disposer" daemon [_thread_blocked, id=4944]
  0x01023c00 JavaThread "Low Memory Detector" daemon [_thread_blocked, id=5088]
  0x01022c00 JavaThread "CompilerThread0" daemon [_thread_blocked, id=4020]
  0x01022400 JavaThread "Attach Listener" daemon [_thread_blocked, id=5820]
  0x01021c00 JavaThread "Signal Dispatcher" daemon [_thread_blocked, id=5876]
  0x0101ac00 JavaThread "Finalizer" daemon [_thread_blocked, id=5856]
  0x01012400 JavaThread "Reference Handler" daemon [_thread_blocked, id=4116]

Other Threads:
  0x01009000 VMThread [id=5460]
  0x01024c00 WatcherThread [id=4460]

VM state:not at safepoint (normal execution)

VM Mutex/Monitor currently owned by a thread: None

Heap
 def new generation   total 960K, used 270K [0x23220000, 0x23320000, 0x23700000)
  eden space 896K,  28% used [0x23220000, 0x2325fd70, 0x23300000)
  from space 64K,  24% used [0x23300000, 0x23303d88, 0x23310000)
  to   space 64K,   0% used [0x23310000, 0x23310000, 0x23320000)
 tenured generation   total 8472K, used 6074K [0x23700000, 0x23f46000, 0x27220000)
   the space 8472K,  71% used [0x23700000, 0x23ceea58, 0x23ceec00, 0x23f46000)
 compacting perm gen  total 12288K, used 300K [0x27220000, 0x27e20000, 0x2b220000)
   the space 12288K,   2% used [0x27220000, 0x2726b1d0, 0x2726b200, 0x27e20000)
    ro space 8192K,  62% used [0x2b220000, 0x2b71b9f8, 0x2b71ba00, 0x2ba20000)
    rw space 12288K,  52% used [0x2ba20000, 0x2c05e348, 0x2c05e400, 0x2c620000)

Dynamic libraries:
0x00400000 - 0x00423000 	C:\Program Files\Java\jre1.6.0\bin\javaw.exe
0x77cb0000 - 0x77dce000 	C:\Windows\system32\ntdll.dll
0x77b00000 - 0x77bd8000 	C:\Windows\system32\kernel32.dll
0x76600000 - 0x766bf000 	C:\Windows\system32\ADVAPI32.dll
0x77e20000 - 0x77ee3000 	C:\Windows\system32\RPCRT4.dll
0x766c0000 - 0x7675e000 	C:\Windows\system32\USER32.dll
0x76ce0000 - 0x76d2b000 	C:\Windows\system32\GDI32.dll
0x76b90000 - 0x76bae000 	C:\Windows\system32\IMM32.DLL
0x76ac0000 - 0x76b87000 	C:\Windows\system32\MSCTF.dll
0x76940000 - 0x769ea000 	C:\Windows\system32\msvcrt.dll
0x77dd0000 - 0x77dd9000 	C:\Windows\system32\LPK.DLL
0x77c30000 - 0x77cad000 	C:\Windows\system32\USP10.dll
0x7c340000 - 0x7c396000 	C:\Program Files\Java\jre1.6.0\bin\msvcr71.dll
0x6d7c0000 - 0x6da07000 	C:\Program Files\Java\jre1.6.0\bin\client\jvm.dll
0x74be0000 - 0x74c13000 	C:\Windows\system32\WINMM.dll
0x767f0000 - 0x76934000 	C:\Windows\system32\ole32.dll
0x76560000 - 0x765ec000 	C:\Windows\system32\OLEAUT32.dll
0x74ba0000 - 0x74bd8000 	C:\Windows\system32\OLEACC.dll
0x76390000 - 0x763bc000 	C:\Windows\system32\apphelp.dll
0x6d310000 - 0x6d318000 	C:\Program Files\Java\jre1.6.0\bin\hpi.dll
0x764c0000 - 0x764c7000 	C:\Windows\system32\PSAPI.DLL
0x6d770000 - 0x6d77c000 	C:\Program Files\Java\jre1.6.0\bin\verify.dll
0x6d3b0000 - 0x6d3cf000 	C:\Program Files\Java\jre1.6.0\bin\java.dll
0x6d7b0000 - 0x6d7bf000 	C:\Program Files\Java\jre1.6.0\bin\zip.dll
0x6d000000 - 0x6d1c3000 	C:\Program Files\Java\jre1.6.0\bin\awt.dll
0x6f130000 - 0x6f171000 	C:\Windows\system32\WINSPOOL.DRV
0x75600000 - 0x7563f000 	C:\Windows\system32\uxtheme.dll
0x6d450000 - 0x6d474000 	C:\Program Files\Java\jre1.6.0\bin\jpeg.dll
0x76d30000 - 0x777fe000 	C:\Windows\system32\shell32.dll
0x76760000 - 0x767b5000 	C:\Windows\system32\SHLWAPI.dll
0x75110000 - 0x752a4000 	C:\Windows\WinSxS\x86_microsoft.windows.common-controls_6595b64144ccf1df_6.0.6000.16386_none_5d07289e07e1d100\comctl32.dll
0x6d2b0000 - 0x6d303000 	C:\Program Files\Java\jre1.6.0\bin\fontmanager.dll
0x6d570000 - 0x6d583000 	C:\Program Files\Java\jre1.6.0\bin\net.dll
0x77df0000 - 0x77e1d000 	C:\Windows\system32\WS2_32.dll
0x77de0000 - 0x77de6000 	C:\Windows\system32\NSI.dll
0x75c30000 - 0x75c6b000 	C:\Windows\system32\mswsock.dll
0x75c90000 - 0x75c96000 	C:\Windows\System32\wship6.dll
0x6d590000 - 0x6d599000 	C:\Program Files\Java\jre1.6.0\bin\nio.dll

VM Arguments:
java_command: DioramaDemo
Launcher Type: SUN_STANDARD

Environment Variables:
PATH=C:\Program Files\Java\jre1.6.0_03\bin\client;C:\Program Files\Java\jre1.6.0_03\bin;C:\Windows\system32;C:\Windows;C:\Windows\System32\Wbem;C:\Program Files\Common Files\Roxio Shared\DLLShared\;C:\Program Files\Common Files\Roxio Shared\DLLShared\;C:\Program Files\Common Files\Roxio Shared\9.0\DLLShared\;C:\Perl\bin\;C:\Program Files\Java\jdk1.6.0_03\bin\;
USERNAME=Aaron
OS=Windows_NT
PROCESSOR_IDENTIFIER=x86 Family 15 Model 72 Stepping 2, AuthenticAMD



---------------  S Y S T E M  ---------------

OS: Windows Vista Build 6000 

CPU:total 2 family 15, cmov, cx8, fxsr, mmx, sse, sse2, mmxext, 3dnowext, 3dnow, ht

Memory: 4k page, physical 2029568k(1003592k free), swap 4194303k(2946576k free)

vm_info: Java HotSpot(TM) Client VM (1.6.0-oem-b104) for windows-x86, built on Nov  1 2006 08:09:48 by "java_re" with unknown MS VC++:1310

