#
# An unexpected error has been detected by Java Runtime Environment:
#
#  EXCEPTION_ACCESS_VIOLATION (0xc0000005) at pc=0x6d12e9b2, pid=5420, tid=2568
#
# Java VM: Java HotSpot(TM) Client VM (1.6.0-oem-b104 mixed mode)
# Problematic frame:
# C  [awt.dll+0x12e9b2]
#
# If you would like to submit a bug report, please visit:
#   http://java.sun.com/webapps/bugreport/crash.jsp
#

---------------  T H R E A D  ---------------

Current thread (0x016aa800):  JavaThread "AWT-EventQueue-0" [_thread_in_native, id=2568]

siginfo: ExceptionCode=0xc0000005, reading address 0x00000004

Registers:
EAX=0x0c69fa38, EBX=0x07e53ca8, ECX=0x00000000, EDX=0x016aa8e8
ESP=0x0c69f39c, EBP=0x0c69f3e8, ESI=0x01670050, EDI=0x016aa800
EIP=0x6d12e9b2, EFLAGS=0x00010202

Top of Stack: (sp=0x0c69f39c)
0x0c69f39c:   07e53ca8 07e53ca8 7ffae000 00000494
0x0c69f3ac:   0c69f3d4 77132f4c 016ee9f8 00000004
0x0c69f3bc:   77137ad0 016eea10 016ee9f8 00000004
0x0c69f3cc:   00000000 00000001 0c69f43c 6d0e4c6d
0x0c69f3dc:   0c69fa38 6d13e5eb ffffffff 0c69f43c
0x0c69f3ec:   6d130122 016aa8e8 00000001 07e53ca8
0x0c69f3fc:   01aea460 016aa8e8 0c69f454 00000000
0x0c69f40c:   00000001 03ffb7a0 03b7e498 03b7e4b0 

Instructions: (pc=0x6d12e9b2)
0x6d12e9a2:   89 25 00 00 00 00 83 ec 38 53 56 8b f1 8b 4e 04
0x6d12e9b2:   8b 41 04 83 f8 18 57 89 65 f0 75 29 8b 45 08 68 


Stack: [0x0c650000,0x0c6a0000),  sp=0x0c69f39c,  free space=316k
Native frames: (J=compiled Java code, j=interpreted, Vv=VM code, C=native code)
C  [awt.dll+0x12e9b2]
C  [awt.dll+0x130122]
j  sun.awt.Win32GraphicsDevice.getDynamicColorModel()Ljava/awt/image/ColorModel;+14
j  sun.awt.Win32GraphicsConfig.getDeviceColorModel()Ljava/awt/image/ColorModel;+4
j  sun.awt.windows.WComponentPeer.getDeviceColorModel()Ljava/awt/image/ColorModel;+13
j  sun.java2d.windows.Win32SurfaceData.createData(Lsun/awt/windows/WComponentPeer;I)Lsun/java2d/windows/Win32SurfaceData;+1
j  sun.awt.Win32GraphicsConfig.createSurfaceData(Lsun/awt/windows/WComponentPeer;I)Lsun/java2d/SurfaceData;+2
j  sun.awt.windows.WComponentPeer.replaceSurfaceData(I)V+59
j  sun.awt.windows.WComponentPeer.replaceSurfaceData()V+5
j  sun.awt.windows.WComponentPeer.displayChanged()V+1
j  sun.awt.windows.WCanvasPeer.displayChanged()V+9
j  sun.awt.windows.WPanelPeer.displayChanged()V+1
j  sun.awt.windows.WWindowPeer.displayChanged()V+5
j  sun.awt.SunDisplayChanger.notifyListeners()V+65
j  sun.awt.Win32GraphicsDevice.displayChanged()V+24
j  sun.java2d.SunGraphicsEnvironment.displayChanged()V+33
j  sun.awt.Win32GraphicsEnvironment.displayChanged()V+4
j  sun.awt.windows.WToolkit$4.run()V+6
j  java.awt.event.InvocationEvent.dispatch()V+47
j  java.awt.EventQueue.dispatchEvent(Ljava/awt/AWTEvent;)V+26
J  java.awt.EventDispatchThread.pumpOneEventForFilters(I)Z
j  java.awt.EventDispatchThread.pumpEventsForFilter(ILjava/awt/Conditional;Ljava/awt/EventFilter;)V+30
j  java.awt.EventDispatchThread.pumpEventsForHierarchy(ILjava/awt/Conditional;Ljava/awt/Component;)V+11
j  java.awt.EventDispatchThread.pumpEvents(ILjava/awt/Conditional;)V+4
j  java.awt.EventDispatchThread.pumpEvents(Ljava/awt/Conditional;)V+3
j  java.awt.EventDispatchThread.run()V+9
v  ~StubRoutines::call_stub

Java frames: (J=compiled Java code, j=interpreted, Vv=VM code)
j  sun.awt.Win32GraphicsDevice.makeColorModel(IZ)Ljava/awt/image/ColorModel;+0
j  sun.awt.Win32GraphicsDevice.getDynamicColorModel()Ljava/awt/image/ColorModel;+14
j  sun.awt.Win32GraphicsConfig.getDeviceColorModel()Ljava/awt/image/ColorModel;+4
j  sun.awt.windows.WComponentPeer.getDeviceColorModel()Ljava/awt/image/ColorModel;+13
j  sun.java2d.windows.Win32SurfaceData.createData(Lsun/awt/windows/WComponentPeer;I)Lsun/java2d/windows/Win32SurfaceData;+1
j  sun.awt.Win32GraphicsConfig.createSurfaceData(Lsun/awt/windows/WComponentPeer;I)Lsun/java2d/SurfaceData;+2
j  sun.awt.windows.WComponentPeer.replaceSurfaceData(I)V+59
j  sun.awt.windows.WComponentPeer.replaceSurfaceData()V+5
j  sun.awt.windows.WComponentPeer.displayChanged()V+1
j  sun.awt.windows.WCanvasPeer.displayChanged()V+9
j  sun.awt.windows.WPanelPeer.displayChanged()V+1
j  sun.awt.windows.WWindowPeer.displayChanged()V+5
j  sun.awt.SunDisplayChanger.notifyListeners()V+65
j  sun.awt.Win32GraphicsDevice.displayChanged()V+24
j  sun.java2d.SunGraphicsEnvironment.displayChanged()V+33
j  sun.awt.Win32GraphicsEnvironment.displayChanged()V+4
j  sun.awt.windows.WToolkit$4.run()V+6
j  java.awt.event.InvocationEvent.dispatch()V+47
j  java.awt.EventQueue.dispatchEvent(Ljava/awt/AWTEvent;)V+26
J  java.awt.EventDispatchThread.pumpOneEventForFilters(I)Z
j  java.awt.EventDispatchThread.pumpEventsForFilter(ILjava/awt/Conditional;Ljava/awt/EventFilter;)V+30
j  java.awt.EventDispatchThread.pumpEventsForHierarchy(ILjava/awt/Conditional;Ljava/awt/Component;)V+11
j  java.awt.EventDispatchThread.pumpEvents(ILjava/awt/Conditional;)V+4
j  java.awt.EventDispatchThread.pumpEvents(Ljava/awt/Conditional;)V+3
j  java.awt.EventDispatchThread.run()V+9
v  ~StubRoutines::call_stub

---------------  P R O C E S S  ---------------

Java Threads: ( => current thread )
  0x016ab400 JavaThread "TimerQueue" daemon [_thread_blocked, id=5696]
  0x016ab000 JavaThread "DestroyJavaVM" [_thread_blocked, id=4256]
=>0x016aa800 JavaThread "AWT-EventQueue-0" [_thread_in_native, id=2568]
  0x016aa400 JavaThread "AWT-Windows" daemon [_thread_in_native, id=5004]
  0x016aa000 JavaThread "AWT-Shutdown" [_thread_blocked, id=5760]
  0x016a9800 JavaThread "Java2D Disposer" daemon [_thread_blocked, id=4148]
  0x016a9400 JavaThread "Low Memory Detector" daemon [_thread_blocked, id=3180]
  0x01695000 JavaThread "CompilerThread0" daemon [_thread_blocked, id=2808]
  0x01690c00 JavaThread "Attach Listener" daemon [_thread_blocked, id=5948]
  0x01690400 JavaThread "Signal Dispatcher" daemon [_thread_blocked, id=4592]
  0x01683800 JavaThread "Finalizer" daemon [_thread_blocked, id=2516]
  0x01677800 JavaThread "Reference Handler" daemon [_thread_blocked, id=4028]

Other Threads:
  0x01674800 VMThread [id=5536]
  0x016b2400 WatcherThread [id=2828]

VM state:not at safepoint (normal execution)

VM Mutex/Monitor currently owned by a thread: None

Heap
 def new generation   total 960K, used 700K [0x03ae0000, 0x03be0000, 0x03fc0000)
  eden space 896K,  71% used [0x03ae0000, 0x03b7f1c0, 0x03bc0000)
  from space 64K, 100% used [0x03bc0000, 0x03bd0000, 0x03bd0000)
  to   space 64K,   0% used [0x03bd0000, 0x03bd0000, 0x03be0000)
 tenured generation   total 4096K, used 633K [0x03fc0000, 0x043c0000, 0x07ae0000)
   the space 4096K,  15% used [0x03fc0000, 0x0405e740, 0x0405e800, 0x043c0000)
 compacting perm gen  total 12288K, used 7479K [0x07ae0000, 0x086e0000, 0x0bae0000)
   the space 12288K,  60% used [0x07ae0000, 0x0822dce0, 0x0822de00, 0x086e0000)
No shared spaces configured.

Dynamic libraries:
0x00400000 - 0x00423000 	C:\Program Files\Java\jre1.6.0\bin\javaw.exe
0x770f0000 - 0x77218000 	C:\Windows\system32\ntdll.dll
0x767a0000 - 0x7687c000 	C:\Windows\system32\kernel32.dll
0x76d20000 - 0x76de6000 	C:\Windows\system32\ADVAPI32.dll
0x76b00000 - 0x76bc2000 	C:\Windows\system32\RPCRT4.dll
0x76a60000 - 0x76afd000 	C:\Windows\system32\USER32.dll
0x75b40000 - 0x75b8b000 	C:\Windows\system32\GDI32.dll
0x77230000 - 0x7724e000 	C:\Windows\system32\IMM32.DLL
0x75a40000 - 0x75b08000 	C:\Windows\system32\MSCTF.dll
0x769b0000 - 0x76a5a000 	C:\Windows\system32\msvcrt.dll
0x772c0000 - 0x772c9000 	C:\Windows\system32\LPK.DLL
0x75be0000 - 0x75c5d000 	C:\Windows\system32\USP10.dll
0x7c340000 - 0x7c396000 	C:\Program Files\Java\jre1.6.0\bin\msvcr71.dll
0x6d7c0000 - 0x6da07000 	C:\Program Files\Java\jre1.6.0\bin\client\jvm.dll
0x73ee0000 - 0x73f12000 	C:\Windows\system32\WINMM.dll
0x76bd0000 - 0x76d14000 	C:\Windows\system32\ole32.dll
0x77060000 - 0x770ed000 	C:\Windows\system32\OLEAUT32.dll
0x73ea0000 - 0x73ed9000 	C:\Windows\system32\OLEACC.dll
0x75790000 - 0x757bc000 	C:\Windows\system32\apphelp.dll
0x6d310000 - 0x6d318000 	C:\Program Files\Java\jre1.6.0\bin\hpi.dll
0x75950000 - 0x75957000 	C:\Windows\system32\PSAPI.DLL
0x6d770000 - 0x6d77c000 	C:\Program Files\Java\jre1.6.0\bin\verify.dll
0x6d3b0000 - 0x6d3cf000 	C:\Program Files\Java\jre1.6.0\bin\java.dll
0x6d7b0000 - 0x6d7bf000 	C:\Program Files\Java\jre1.6.0\bin\zip.dll
0x6d000000 - 0x6d1c3000 	C:\Program Files\Java\jre1.6.0\bin\awt.dll
0x6dd70000 - 0x6ddb2000 	C:\Windows\system32\WINSPOOL.DRV
0x749b0000 - 0x749ef000 	C:\Windows\system32\uxtheme.dll
0x6d2b0000 - 0x6d303000 	C:\Program Files\Java\jre1.6.0\bin\fontmanager.dll
0x75c60000 - 0x76770000 	C:\Windows\system32\shell32.dll
0x77260000 - 0x772b8000 	C:\Windows\system32\SHLWAPI.dll
0x746b0000 - 0x7484e000 	C:\Windows\WinSxS\x86_microsoft.windows.common-controls_6595b64144ccf1df_6.0.6001.18523_none_5cdd65e20837faf2\comctl32.dll
0x6d570000 - 0x6d583000 	C:\Program Files\Java\jre1.6.0\bin\net.dll
0x75b10000 - 0x75b3d000 	C:\Windows\system32\WS2_32.dll
0x77220000 - 0x77226000 	C:\Windows\system32\NSI.dll
0x74f80000 - 0x74fbb000 	C:\Windows\system32\mswsock.dll
0x74fe0000 - 0x74fe5000 	C:\Windows\System32\wship6.dll
0x6d590000 - 0x6d599000 	C:\Program Files\Java\jre1.6.0\bin\nio.dll

VM Arguments:
java_command: DepressButtonPanel
Launcher Type: SUN_STANDARD

Environment Variables:
PATH=C:\Program Files\Java\jre1.6.0_03\bin\client;C:\Program Files\Java\jre1.6.0_03\bin;C:\Windows\system32;C:\Windows;C:\Windows\System32\Wbem;C:\Program Files\Common Files\Roxio Shared\DLLShared\;C:\Program Files\Common Files\Roxio Shared\DLLShared\;C:\Program Files\Common Files\Roxio Shared\9.0\DLLShared\;C:\Perl\bin\;C:\Program Files\Java\jdk1.6.0_03\bin\;c:\Program Files\Microsoft SQL Server\100\Tools\Binn\;c:\Program Files\Microsoft SQL Server\100\DTS\Binn\;C:\Windows\System32\WindowsPowerShell\v1.0\
USERNAME=Aaron
OS=Windows_NT
PROCESSOR_IDENTIFIER=x86 Family 15 Model 72 Stepping 2, AuthenticAMD



---------------  S Y S T E M  ---------------

OS: Windows Vista Build 6001 Service Pack 1

CPU:total 2 family 15, cmov, cx8, fxsr, mmx, sse, sse2, mmxext, 3dnowext, 3dnow, ht

Memory: 4k page, physical 2029436k(1336120k free), swap 4194303k(2841892k free)

vm_info: Java HotSpot(TM) Client VM (1.6.0-oem-b104) for windows-x86, built on Nov  1 2006 08:09:48 by "java_re" with unknown MS VC++:1310

